Started GET "/tracking/index" for 127.0.0.1 at 2022-11-14 09:59:48 -0500
Processing by TrackingController#index as HTML
  Rendering layout layouts/application.html.erb
  Rendering tracking/index.html.erb within layouts/application
  Rendered tracking/index.html.erb within layouts/application (Duration: 3.7ms | Allocations: 438)
  Rendered layout layouts/application.html.erb (Duration: 470.6ms | Allocations: 87973)
Completed 200 OK in 499ms (Views: 480.0ms | ActiveRecord: 0.0ms | Allocations: 92611)


Started GET "/tracking/123" for 127.0.0.1 at 2022-11-14 10:00:01 -0500
Processing by TrackingController#index as HTML
  Parameters: {"id"=>"123"}
  Rendering layout layouts/application.html.erb
  Rendering tracking/index.html.erb within layouts/application
  Rendered tracking/index.html.erb within layouts/application (Duration: 0.0ms | Allocations: 12)
  Rendered layout layouts/application.html.erb (Duration: 13.2ms | Allocations: 13925)
Completed 200 OK in 15ms (Views: 14.1ms | Allocations: 14559)


Started GET "/tracking/123" for 127.0.0.1 at 2022-11-14 10:01:15 -0500
Processing by TrackingController#index as HTML
  Parameters: {"id"=>"123"}
Completed 500 Internal Server Error in 4ms (Allocations: 3267)


  
NameError (undefined local variable or method `id' for #<TrackingController:0x00000000011968>

    @id == id
           ^^):
  
app/controllers/tracking_controller.rb:3:in `index'
Started GET "/tracking/123" for 127.0.0.1 at 2022-11-14 10:01:34 -0500
Processing by TrackingController#index as HTML
  Parameters: {"id"=>"123"}
Completed 500 Internal Server Error in 5ms (Allocations: 3161)


  
NameError (undefined local variable or method `tid' for #<TrackingController:0x00000000015590>

    tid == id
    ^^^):
  
app/controllers/tracking_controller.rb:3:in `index'
Started GET "/tracking/123" for 127.0.0.1 at 2022-11-14 10:02:24 -0500
Processing by TrackingController#index as HTML
  Parameters: {"id"=>"123"}
  Rendering layout layouts/application.html.erb
  Rendering tracking/index.html.erb within layouts/application
  Rendered tracking/index.html.erb within layouts/application (Duration: 0.5ms | Allocations: 140)
  Rendered layout layouts/application.html.erb (Duration: 27.0ms | Allocations: 14304)
Completed 200 OK in 30ms (Views: 29.1ms | Allocations: 15275)


Started GET "/tracking/123" for 127.0.0.1 at 2022-11-14 10:02:34 -0500
Processing by TrackingController#index as HTML
  Parameters: {"id"=>"123"}
  Rendering layout layouts/application.html.erb
  Rendering tracking/index.html.erb within layouts/application
  Rendered tracking/index.html.erb within layouts/application (Duration: 0.1ms | Allocations: 12)
  Rendered layout layouts/application.html.erb (Duration: 23.6ms | Allocations: 13918)
Completed 200 OK in 30ms (Views: 28.7ms | Allocations: 14549)


Started GET "/tracking/123" for 127.0.0.1 at 2022-11-14 10:04:03 -0500
Processing by TrackingController#index as HTML
  Parameters: {"id"=>"123"}
  Rendering layout layouts/application.html.erb
  Rendering tracking/index.html.erb within layouts/application
  Rendered tracking/index.html.erb within layouts/application (Duration: 7.3ms | Allocations: 4526)
  Rendered layout layouts/application.html.erb (Duration: 7.6ms | Allocations: 4615)
Completed 500 Internal Server Error in 13ms (Allocations: 5460)


  
ActionView::Template::Error (undefined local variable or method `id' for #<ActionView::Base:0x0000000001cb60>

'.freeze;@output_buffer.append=( id );
                                 ^^
Did you mean?  @@id):
    1: <p>hello!</p>
    2: <%= id %>
  
app/views/tracking/index.html.erb:2
Started GET "/tracking/123" for 127.0.0.1 at 2022-11-14 10:07:21 -0500
Processing by TrackingController#index as HTML
  Parameters: {"id"=>"123"}
  Rendering layout layouts/application.html.erb
  Rendering tracking/index.html.erb within layouts/application
  Rendered tracking/index.html.erb within layouts/application (Duration: 0.5ms | Allocations: 156)
  Rendered layout layouts/application.html.erb (Duration: 27.0ms | Allocations: 14296)
Completed 200 OK in 33ms (Views: 29.8ms | Allocations: 15254)


Started GET "/tracking/0131090329290400000105482" for 127.0.0.1 at 2022-11-14 10:08:08 -0500
Processing by TrackingController#index as HTML
  Parameters: {"id"=>"0131090329290400000105482"}
  Rendering layout layouts/application.html.erb
  Rendering tracking/index.html.erb within layouts/application
  Rendered tracking/index.html.erb within layouts/application (Duration: 0.3ms | Allocations: 17)
  Rendered layout layouts/application.html.erb (Duration: 15.2ms | Allocations: 2356)
Completed 200 OK in 20ms (Views: 17.1ms | Allocations: 2626)


Started GET "/tracking/0131090329290400000105482" for 127.0.0.1 at 2022-11-14 10:15:32 -0500
  
LoadError (cannot load such file -- /Users/hugoyuanhu/RubymineProjects/mailcorgi_rails/config/routes.rb):
  
railties (7.0.4) lib/rails/application/routes_reloader.rb:50:in `load'
railties (7.0.4) lib/rails/application/routes_reloader.rb:50:in `block in load_paths'
railties (7.0.4) lib/rails/application/routes_reloader.rb:50:in `each'
railties (7.0.4) lib/rails/application/routes_reloader.rb:50:in `load_paths'
railties (7.0.4) lib/rails/application/routes_reloader.rb:24:in `reload!'
railties (7.0.4) lib/rails/application/routes_reloader.rb:38:in `block in updater'
activesupport (7.0.4) lib/active_support/file_update_checker.rb:83:in `execute'
railties (7.0.4) lib/rails/application/routes_reloader.rb:13:in `execute'
railties (7.0.4) lib/rails/application/finisher.rb:171:in `block (2 levels) in <module:Finisher>'
activesupport (7.0.4) lib/active_support/callbacks.rb:445:in `instance_exec'
activesupport (7.0.4) lib/active_support/callbacks.rb:445:in `block in make_lambda'
activesupport (7.0.4) lib/active_support/callbacks.rb:199:in `block (2 levels) in halting'
activesupport (7.0.4) lib/active_support/callbacks.rb:687:in `block (2 levels) in default_terminator'
activesupport (7.0.4) lib/active_support/callbacks.rb:686:in `catch'
activesupport (7.0.4) lib/active_support/callbacks.rb:686:in `block in default_terminator'
activesupport (7.0.4) lib/active_support/callbacks.rb:200:in `block in halting'
activesupport (7.0.4) lib/active_support/callbacks.rb:595:in `block in invoke_before'
activesupport (7.0.4) lib/active_support/callbacks.rb:595:in `each'
activesupport (7.0.4) lib/active_support/callbacks.rb:595:in `invoke_before'
activesupport (7.0.4) lib/active_support/callbacks.rb:106:in `run_callbacks'
activesupport (7.0.4) lib/active_support/execution_wrapper.rb:129:in `run'
activesupport (7.0.4) lib/active_support/execution_wrapper.rb:125:in `run!'
activesupport (7.0.4) lib/active_support/reloader.rb:114:in `run!'
activesupport (7.0.4) lib/active_support/execution_wrapper.rb:78:in `block in run!'
<internal:kernel>:90:in `tap'
activesupport (7.0.4) lib/active_support/execution_wrapper.rb:75:in `run!'
activesupport (7.0.4) lib/active_support/reloader.rb:63:in `run!'
actionpack (7.0.4) lib/action_dispatch/middleware/executor.rb:12:in `call'
actionpack (7.0.4) lib/action_dispatch/middleware/actionable_exceptions.rb:17:in `call'
actionpack (7.0.4) lib/action_dispatch/middleware/debug_exceptions.rb:28:in `call'
web-console (4.2.0) lib/web_console/middleware.rb:132:in `call_app'
web-console (4.2.0) lib/web_console/middleware.rb:28:in `block in call'
web-console (4.2.0) lib/web_console/middleware.rb:17:in `catch'
web-console (4.2.0) lib/web_console/middleware.rb:17:in `call'
actionpack (7.0.4) lib/action_dispatch/middleware/show_exceptions.rb:26:in `call'
railties (7.0.4) lib/rails/rack/logger.rb:40:in `call_app'
railties (7.0.4) lib/rails/rack/logger.rb:25:in `block in call'
activesupport (7.0.4) lib/active_support/tagged_logging.rb:99:in `block in tagged'
activesupport (7.0.4) lib/active_support/tagged_logging.rb:37:in `tagged'
activesupport (7.0.4) lib/active_support/tagged_logging.rb:99:in `tagged'
railties (7.0.4) lib/rails/rack/logger.rb:25:in `call'
sprockets-rails (3.4.2) lib/sprockets/rails/quiet_assets.rb:13:in `call'
actionpack (7.0.4) lib/action_dispatch/middleware/remote_ip.rb:93:in `call'
actionpack (7.0.4) lib/action_dispatch/middleware/request_id.rb:26:in `call'
rack (2.2.4) lib/rack/method_override.rb:24:in `call'
rack (2.2.4) lib/rack/runtime.rb:22:in `call'
activesupport (7.0.4) lib/active_support/cache/strategy/local_cache_middleware.rb:29:in `call'
actionpack (7.0.4) lib/action_dispatch/middleware/server_timing.rb:61:in `block in call'
actionpack (7.0.4) lib/action_dispatch/middleware/server_timing.rb:26:in `collect_events'
actionpack (7.0.4) lib/action_dispatch/middleware/server_timing.rb:60:in `call'
actionpack (7.0.4) lib/action_dispatch/middleware/executor.rb:14:in `call'
actionpack (7.0.4) lib/action_dispatch/middleware/static.rb:23:in `call'
rack (2.2.4) lib/rack/sendfile.rb:110:in `call'
actionpack (7.0.4) lib/action_dispatch/middleware/host_authorization.rb:137:in `call'
railties (7.0.4) lib/rails/engine.rb:530:in `call'
puma (5.6.5) lib/puma/configuration.rb:252:in `call'
puma (5.6.5) lib/puma/request.rb:77:in `block in handle_request'
puma (5.6.5) lib/puma/thread_pool.rb:340:in `with_force_shutdown'
puma (5.6.5) lib/puma/request.rb:76:in `handle_request'
puma (5.6.5) lib/puma/server.rb:443:in `process_client'
puma (5.6.5) lib/puma/thread_pool.rb:147:in `block in spawn_thread'
Started GET "/tracking/0131090329290400000105482" for 127.0.0.1 at 2022-11-14 11:05:40 -0500
  
ActionController::RoutingError (No route matches [GET] "/tracking/0131090329290400000105482"):
  
Started GET "/tracking/0131090329290400000105482" for 127.0.0.1 at 2022-11-14 11:06:43 -0500
  
ActionController::RoutingError (uninitialized constant TrackingController

      Object.const_get(camel_cased_word)
            ^^^^^^^^^^

            raise MissingController.new(error.message, error.name)
            ^^^^^):
  
Started GET "/tracking/0131090329290400000105482" for 127.0.0.1 at 2022-11-14 11:08:54 -0500
Processing by TrackingController#index as HTML
  Parameters: {"id"=>"0131090329290400000105482"}
  Rendering layout layouts/application.html.erb
  Rendering tracking/index.html.erb within layouts/application
  Rendered tracking/index.html.erb within layouts/application (Duration: 1935.3ms | Allocations: 9256)
  Rendered layout layouts/application.html.erb (Duration: 2165.1ms | Allocations: 44717)
Completed 200 OK in 2169ms (Views: 2167.7ms | Allocations: 45673)


Started GET "/tracking/0131090329290400000105482" for 127.0.0.1 at 2022-11-14 11:10:17 -0500
Processing by TrackingController#index as HTML
  Parameters: {"id"=>"0131090329290400000105482"}
  Rendering layout layouts/application.html.erb
  Rendering tracking/index.html.erb within layouts/application
  Rendered tracking/index.html.erb within layouts/application (Duration: 908.7ms | Allocations: 6846)
  Rendered layout layouts/application.html.erb (Duration: 921.5ms | Allocations: 9626)
Completed 200 OK in 926ms (Views: 924.6ms | Allocations: 10487)


Started GET "/tracking/0131090329290400000105482" for 127.0.0.1 at 2022-11-14 11:25:29 -0500
Processing by TrackingController#index as HTML
  Parameters: {"id"=>"0131090329290400000105482"}
  Rendering layout layouts/application.html.erb
  Rendering tracking/index.html.erb within layouts/application
  Rendered tracking/index.html.erb within layouts/application (Duration: 1338.6ms | Allocations: 11127)
  Rendered layout layouts/application.html.erb (Duration: 1339.1ms | Allocations: 11215)
Completed 500 Internal Server Error in 1345ms (Allocations: 12026)


  
ActionView::Template::Error (undefined local variable or method `data' for #<ActionView::Base:0x00000000028ac8>

'.freeze; data["scan_data"].each do |users| 
          ^^^^
Did you mean?  @data):
    15: <p>Scan Events:</p>
    16: <br><br>
    17: 
    18: <% data["scan_data"].each do |users| %>
    19:   <%= users %>
    20:   <br><br>
    21: <% end %>
  
app/views/tracking/index.html.erb:18
Started GET "/tracking/0131090329290400000105482" for 127.0.0.1 at 2022-11-14 11:25:39 -0500
Processing by TrackingController#index as HTML
  Parameters: {"id"=>"0131090329290400000105482"}
  Rendering layout layouts/application.html.erb
  Rendering tracking/index.html.erb within layouts/application
  Rendered tracking/index.html.erb within layouts/application (Duration: 1562.5ms | Allocations: 2227)
  Rendered layout layouts/application.html.erb (Duration: 1563.0ms | Allocations: 2315)
Completed 500 Internal Server Error in 1566ms (Allocations: 3115)


  
ActionView::Template::Error (undefined method `each' for nil:NilClass

'.freeze; @data["scan_data"].each do |users| 
                            ^^^^^):
    15: <p>Scan Events:</p>
    16: <br><br>
    17: 
    18: <% @data["scan_data"].each do |users| %>
    19:   <%= users %>
    20:   <br><br>
    21: <% end %>
  
app/views/tracking/index.html.erb:18
Started GET "/tracking/0131090329290400000105482" for 127.0.0.1 at 2022-11-14 11:29:30 -0500
Processing by TrackingController#index as HTML
  Parameters: {"id"=>"0131090329290400000105482"}
  Rendering layout layouts/application.html.erb
  Rendering tracking/index.html.erb within layouts/application
  Rendered tracking/index.html.erb within layouts/application (Duration: 1637.8ms | Allocations: 6743)
  Rendered layout layouts/application.html.erb (Duration: 1653.8ms | Allocations: 9539)
Completed 200 OK in 1659ms (Views: 1657.9ms | Allocations: 10365)


Started GET "/tracking/0131090329290400000105482" for 127.0.0.1 at 2022-11-14 11:29:44 -0500
Processing by TrackingController#index as HTML
  Parameters: {"id"=>"0131090329290400000105482"}
  Rendering layout layouts/application.html.erb
  Rendering tracking/index.html.erb within layouts/application
  Rendered tracking/index.html.erb within layouts/application (Duration: 990.1ms | Allocations: 494)
  Rendered layout layouts/application.html.erb (Duration: 996.6ms | Allocations: 3280)
Completed 200 OK in 999ms (Views: 998.5ms | Allocations: 4112)


Started GET "/tracking/0131090329290400000105482" for 127.0.0.1 at 2022-11-14 11:30:56 -0500
Processing by TrackingController#index as HTML
  Parameters: {"id"=>"0131090329290400000105482"}
  Rendering layout layouts/application.html.erb
  Rendering tracking/index.html.erb within layouts/application
  Rendered tracking/index.html.erb within layouts/application (Duration: 927.8ms | Allocations: 6891)
  Rendered layout layouts/application.html.erb (Duration: 936.9ms | Allocations: 9684)
Completed 200 OK in 942ms (Views: 940.8ms | Allocations: 10517)


Started GET "/tracking/0131090329290400000105482" for 127.0.0.1 at 2022-11-14 11:40:11 -0500
Processing by TrackingController#index as HTML
  Parameters: {"id"=>"0131090329290400000105482"}
  Rendering layout layouts/application.html.erb
  Rendering tracking/index.html.erb within layouts/application
  Rendered tracking/index.html.erb within layouts/application (Duration: 2250.4ms | Allocations: 6942)
  Rendered layout layouts/application.html.erb (Duration: 2266.6ms | Allocations: 9722)
Completed 200 OK in 2274ms (Views: 2272.0ms | Allocations: 10554)


Started GET "/tracking/0131090329290400000105482" for 127.0.0.1 at 2022-11-14 11:40:31 -0500
Processing by TrackingController#index as HTML
  Parameters: {"id"=>"0131090329290400000105482"}
  Rendering layout layouts/application.html.erb
  Rendering tracking/index.html.erb within layouts/application
  Rendered tracking/index.html.erb within layouts/application (Duration: 1064.4ms | Allocations: 552)
  Rendered layout layouts/application.html.erb (Duration: 1072.6ms | Allocations: 3341)
Completed 200 OK in 1076ms (Views: 1074.9ms | Allocations: 4174)


Started GET "/tracking/0131090329290400000105482" for 127.0.0.1 at 2022-11-14 11:42:47 -0500
Processing by TrackingController#index as HTML
  Parameters: {"id"=>"0131090329290400000105482"}
  Rendering layout layouts/application.html.erb
  Rendering tracking/index.html.erb within layouts/application
  Rendered tracking/index.html.erb within layouts/application (Duration: 4254.6ms | Allocations: 6938)
  Rendered layout layouts/application.html.erb (Duration: 4263.2ms | Allocations: 9727)
Completed 200 OK in 4267ms (Views: 4265.3ms | Allocations: 10560)


Started GET "/tracking/0131090329290400000105482" for 127.0.0.1 at 2022-11-14 11:43:00 -0500
Processing by TrackingController#index as HTML
  Parameters: {"id"=>"0131090329290400000105482"}
  Rendering layout layouts/application.html.erb
  Rendering tracking/index.html.erb within layouts/application
  Rendered tracking/index.html.erb within layouts/application (Duration: 4613.7ms | Allocations: 568)
  Rendered layout layouts/application.html.erb (Duration: 4622.4ms | Allocations: 3345)
Completed 200 OK in 4626ms (Views: 4624.7ms | Allocations: 4177)


Started GET "/tracking/0131090329290400000105482" for 127.0.0.1 at 2022-11-14 11:43:08 -0500
Processing by TrackingController#index as HTML
  Parameters: {"id"=>"0131090329290400000105482"}
  Rendering layout layouts/application.html.erb
  Rendering tracking/index.html.erb within layouts/application
  Rendered tracking/index.html.erb within layouts/application (Duration: 1359.5ms | Allocations: 546)
  Rendered layout layouts/application.html.erb (Duration: 1368.9ms | Allocations: 3357)
Completed 200 OK in 1374ms (Views: 1371.6ms | Allocations: 4189)


Started GET "/tracking/0131090329290400000105482" for 127.0.0.1 at 2022-11-14 12:38:52 -0500
Processing by TrackingController#index as HTML
  Parameters: {"id"=>"0131090329290400000105482"}
  Rendering layout layouts/application.html.erb
  Rendering tracking/index.html.erb within layouts/application
  Rendered tracking/index.html.erb within layouts/application (Duration: 2335.7ms | Allocations: 6537)
  Rendered layout layouts/application.html.erb (Duration: 2436.6ms | Allocations: 8879)
Completed 200 OK in 2442ms (Views: 2438.5ms | Allocations: 9150)


Started GET "/tracking/0131090329290400000105482" for 127.0.0.1 at 2022-11-14 12:55:37 -0500
Processing by TrackingController#index as HTML
  Parameters: {"id"=>"0131090329290400000105482"}
  Rendering layout layouts/application.html.erb
  Rendering tracking/index.html.erb within layouts/application
  Rendered tracking/index.html.erb within layouts/application (Duration: 1289.2ms | Allocations: 552)
  Rendered layout layouts/application.html.erb (Duration: 1337.0ms | Allocations: 14743)
Completed 200 OK in 1345ms (Views: 1341.0ms | Allocations: 15700)


Started GET "/tracking/0131090329290400000105482" for 127.0.0.1 at 2022-11-14 12:56:19 -0500
Processing by TrackingController#index as HTML
  Parameters: {"id"=>"0131090329290400000105482"}
  Rendering layout layouts/application.html.erb
  Rendering tracking/index.html.erb within layouts/application
  Rendered tracking/index.html.erb within layouts/application (Duration: 877.1ms | Allocations: 6519)
  Rendered layout layouts/application.html.erb (Duration: 888.0ms | Allocations: 8864)
Completed 200 OK in 889ms (Views: 888.8ms | Allocations: 9135)


Started GET "/tracking/01310903292904000007479062405" for 127.0.0.1 at 2022-11-14 12:56:22 -0500
Processing by TrackingController#index as HTML
  Parameters: {"id"=>"01310903292904000007479062405"}
  Rendering layout layouts/application.html.erb
  Rendering tracking/index.html.erb within layouts/application
  Rendered tracking/index.html.erb within layouts/application (Duration: 1259.4ms | Allocations: 1905)
  Rendered layout layouts/application.html.erb (Duration: 1259.8ms | Allocations: 1984)
Completed 500 Internal Server Error in 1261ms (Allocations: 2226)


  
ActionView::Template::Error (undefined method `[]' for nil:NilClass

<p> Estimated Delivery Date: </p> '.freeze;@output_buffer.append=( @data["expected_delivery_date"] );@output_buffer.safe_append='
                                                                        ^^^^^^^^^^^^^^^^^^^^^^^^^^):
     8: <% @token = IMBtracking.getToken("hackclub","meszo8-waqvyk-Hurteg") %>
     9: <% @data = IMBtracking.trackByIMB(@token, params[:id]) %>
    10: 
    11: <p> Estimated Delivery Date: </p> <%= @data["expected_delivery_date"] %>
    12: 
    13: <br><br>
    14: 
  
app/views/tracking/index.html.erb:11
Started GET "/tracking/01310903292904000007479062405" for 127.0.0.1 at 2022-11-14 12:56:38 -0500
Processing by TrackingController#index as HTML
  Parameters: {"id"=>"01310903292904000007479062405"}
  Rendering layout layouts/application.html.erb
  Rendering tracking/index.html.erb within layouts/application
  Rendered tracking/index.html.erb within layouts/application (Duration: 919.0ms | Allocations: 1865)
  Rendered layout layouts/application.html.erb (Duration: 919.6ms | Allocations: 1944)
Completed 500 Internal Server Error in 920ms (Allocations: 2173)


  
ActionView::Template::Error (undefined method `[]' for nil:NilClass

<p> Estimated Delivery Date: </p> '.freeze;@output_buffer.append=( @data["expected_delivery_date"] );@output_buffer.safe_append='
                                                                        ^^^^^^^^^^^^^^^^^^^^^^^^^^):
     8: <% @token = IMBtracking.getToken("hackclub","meszo8-waqvyk-Hurteg") %>
     9: <% @data = IMBtracking.trackByIMB(@token, params[:id]) %>
    10: 
    11: <p> Estimated Delivery Date: </p> <%= @data["expected_delivery_date"] %>
    12: 
    13: <br><br>
    14: 
  
app/views/tracking/index.html.erb:11
Started GET "/tracking/01310903292904000006054827480" for 127.0.0.1 at 2022-11-14 12:56:44 -0500
Processing by TrackingController#index as HTML
  Parameters: {"id"=>"01310903292904000006054827480"}
  Rendering layout layouts/application.html.erb
  Rendering tracking/index.html.erb within layouts/application
  Rendered tracking/index.html.erb within layouts/application (Duration: 810.8ms | Allocations: 133)
  Rendered layout layouts/application.html.erb (Duration: 820.7ms | Allocations: 2483)
Completed 200 OK in 822ms (Views: 821.3ms | Allocations: 2736)


Started GET "/tracking/01310903292904000006054827480" for 127.0.0.1 at 2022-11-14 12:56:55 -0500
Processing by TrackingController#index as HTML
  Parameters: {"id"=>"01310903292904000006054827480"}
  Rendering layout layouts/application.html.erb
  Rendering tracking/index.html.erb within layouts/application
  Rendered tracking/index.html.erb within layouts/application (Duration: 2605.6ms | Allocations: 6495)
  Rendered layout layouts/application.html.erb (Duration: 2617.2ms | Allocations: 8852)
Completed 200 OK in 2618ms (Views: 2617.8ms | Allocations: 9105)


Started GET "/tracking/0131090329290400000520105" for 127.0.0.1 at 2022-11-14 12:56:59 -0500
Processing by TrackingController#index as HTML
  Parameters: {"id"=>"0131090329290400000520105"}
  Rendering layout layouts/application.html.erb
  Rendering tracking/index.html.erb within layouts/application
  Rendered tracking/index.html.erb within layouts/application (Duration: 879.6ms | Allocations: 1882)
  Rendered layout layouts/application.html.erb (Duration: 880.3ms | Allocations: 1961)
Completed 500 Internal Server Error in 882ms (Allocations: 2190)


  
ActionView::Template::Error (undefined method `[]' for nil:NilClass

<p> Estimated Delivery Date: </p> '.freeze;@output_buffer.append=( @data["expected_delivery_date"] );@output_buffer.safe_append='
                                                                        ^^^^^^^^^^^^^^^^^^^^^^^^^^):
     8: <% @token = IMBtracking.getToken("hackclub","meszo8-waqvyk-Hurteg") %>
     9: <% @data = IMBtracking.trackByIMB(@token, params[:id]) %>
    10: 
    11: <p> Estimated Delivery Date: </p> <%= @data["expected_delivery_date"] %>
    12: 
    13: <br><br>
    14: 
  
app/views/tracking/index.html.erb:11
Started GET "/tracking/0131090329290400000520105" for 127.0.0.1 at 2022-11-14 12:58:00 -0500
Processing by TrackingController#index as HTML
  Parameters: {"id"=>"0131090329290400000520105"}
  Rendering layout layouts/application.html.erb
  Rendering tracking/index.html.erb within layouts/application
  Rendered tracking/index.html.erb within layouts/application (Duration: 25093.8ms | Allocations: 8661)
  Rendered layout layouts/application.html.erb (Duration: 25094.6ms | Allocations: 8749)
Completed 500 Internal Server Error in 25099ms (Allocations: 9530)


  
ActionView::Template::Error (undefined method `split' for nil:NilClass

    token = firstSplit.split("\",\"expires_in\"", -1)[0]
                      ^^^^^^):
     5: <br>
     6: 
     7: <% require '/Users/hugoyuanhu/RubymineProjects/mailcorgi_rails/api/shipping/imb/tracking/curl.rb' %>
     8: <% @token = IMBtracking.getToken("hackclub","meszo8-waqvyk-Hurteg") %>
     9: <% @data = IMBtracking.trackByIMB(@token, params[:id]) %>
    10: 
    11: <!--<p> Estimated Delivery Date: </p> <%#= @data["expected_delivery_date"] %>-->
  
app/views/tracking/index.html.erb:8
Started GET "/tracking/0131090329290400000520105" for 127.0.0.1 at 2022-11-14 20:36:27 -0500
Processing by TrackingController#index as HTML
  Parameters: {"id"=>"0131090329290400000520105"}
  Rendering layout layouts/application.html.erb
  Rendering tracking/index.html.erb within layouts/application
  Rendered tracking/index.html.erb within layouts/application (Duration: 1351.6ms | Allocations: 6873)
  Rendered layout layouts/application.html.erb (Duration: 1352.2ms | Allocations: 6985)
Completed 500 Internal Server Error in 1412ms (ActiveRecord: 0.0ms | Allocations: 11578)


  
ActionView::Template::Error (undefined method `[]' for nil:NilClass

'.freeze; @data["scans"].each do |scan| 
               ^^^^^^^^^):
    14: 
    15: <p>Scan Events:</p>
    16: 
    17: <% @data["scans"].each do |scan| %>
    18:   <br>
    19:   <p>Scan Time: <%= scan["scan_date_time"] %></p>
    20:   <p>Scanned At: <%= scan["scan_facility_city"] %>, <%= scan["scan_facility_name"] %>, <%= scan["scan_facility_state"] %><p>
  
app/views/tracking/index.html.erb:17
Started GET "/tracking/0131090329290400000520105" for 127.0.0.1 at 2022-11-14 20:37:14 -0500
Processing by TrackingController#index as HTML
  Parameters: {"id"=>"0131090329290400000520105"}
  Rendering layout layouts/application.html.erb
  Rendering tracking/index.html.erb within layouts/application
Started GET "/tracking/0131090329290400000520105" for 127.0.0.1 at 2022-11-14 20:37:21 -0500
Processing by TrackingController#index as HTML
  Parameters: {"id"=>"0131090329290400000520105"}
  Rendering layout layouts/application.html.erb
  Rendering tracking/index.html.erb within layouts/application
  Rendered tracking/index.html.erb within layouts/application (Duration: 24025.7ms | Allocations: 10156)
  Rendered layout layouts/application.html.erb (Duration: 24026.1ms | Allocations: 10241)
Completed 500 Internal Server Error in 24032ms (ActiveRecord: 0.0ms | Allocations: 11050)


  
ActionView::Template::Error (undefined method `split' for nil:NilClass

    token = firstSplit.split("\",\"expires_in\"", -1)[0]
                      ^^^^^^):
     5: <br>
     6: 
     7: <% require '/Users/hugoyuanhu/RubymineProjects/mailcorgi_rails/api/shipping/imb/tracking/curl.rb' %>
     8: <% @token = IMBtracking.getToken("hackclub","meszo8-waqvyk-Hurteg") %>
     9: <% @data = IMBtracking.trackByIMB(@token, params[:id]) %>
    10: 
    11: <!--<p> Estimated Delivery Date: </p> <%#= @data["expected_delivery_date"] %>-->
  
app/views/tracking/index.html.erb:8
  Rendered tracking/index.html.erb within layouts/application (Duration: 29809.9ms | Allocations: 223089)
  Rendered layout layouts/application.html.erb (Duration: 29810.5ms | Allocations: 223169)
Completed 500 Internal Server Error in 29813ms (ActiveRecord: 0.0ms | Allocations: 223430)


  
ActionView::Template::Error (undefined method `split' for nil:NilClass

    token = firstSplit.split("\",\"expires_in\"", -1)[0]
                      ^^^^^^):
     5: <br>
     6: 
     7: <% require '/Users/hugoyuanhu/RubymineProjects/mailcorgi_rails/api/shipping/imb/tracking/curl.rb' %>
     8: <% @token = IMBtracking.getToken("hackclub","meszo8-waqvyk-Hurteg") %>
     9: <% @data = IMBtracking.trackByIMB(@token, params[:id]) %>
    10: 
    11: <!--<p> Estimated Delivery Date: </p> <%#= @data["expected_delivery_date"] %>-->
  
app/views/tracking/index.html.erb:8
Started GET "/tracking/0131090329290400000520105" for 127.0.0.1 at 2022-11-14 20:42:36 -0500
Processing by TrackingController#index as HTML
  Parameters: {"id"=>"0131090329290400000520105"}
  Rendering layout layouts/application.html.erb
  Rendering tracking/index.html.erb within layouts/application
  Rendered tracking/index.html.erb within layouts/application (Duration: 1568.8ms | Allocations: 6265)
  Rendered layout layouts/application.html.erb (Duration: 1569.1ms | Allocations: 6377)
Completed 500 Internal Server Error in 1583ms (ActiveRecord: 0.0ms | Allocations: 9739)


  
ActionView::Template::Error (undefined method `[]' for nil:NilClass

   @data["scans"].each do |scan| 
        ^^^^^^^^^):
    15: <p>Scan Events:</p>
    16: 
    17: <% if @data == nil %>
    18:   <% @data["scans"].each do |scan| %>
    19:     <br>
    20:     <p>Scan Time: <%= scan["scan_date_time"] %></p>
    21:     <p>Scanned At: <%= scan["scan_facility_city"] %>, <%= scan["scan_facility_name"] %>, <%= scan["scan_facility_state"] %><p>
  
app/views/tracking/index.html.erb:18
Started GET "/tracking/0131090329290400000520105" for 127.0.0.1 at 2022-11-14 20:42:56 -0500
Processing by TrackingController#index as HTML
  Parameters: {"id"=>"0131090329290400000520105"}
  Rendering layout layouts/application.html.erb
  Rendering tracking/index.html.erb within layouts/application
  Rendered tracking/index.html.erb within layouts/application (Duration: 830.8ms | Allocations: 3981)
  Rendered layout layouts/application.html.erb (Duration: 1135.2ms | Allocations: 76206)
Completed 200 OK in 1148ms (Views: 1139.8ms | ActiveRecord: 0.0ms | Allocations: 79627)


Started GET "/tracking/0131090329290400000520105" for 127.0.0.1 at 2022-11-14 20:44:13 -0500
Processing by TrackingController#index as HTML
  Parameters: {"id"=>"0131090329290400000520105"}
  Rendering layout layouts/application.html.erb
  Rendering tracking/index.html.erb within layouts/application
  Rendered tracking/index.html.erb within layouts/application (Duration: 990.2ms | Allocations: 6875)
  Rendered layout layouts/application.html.erb (Duration: 1008.7ms | Allocations: 9669)
Completed 200 OK in 1017ms (Views: 1011.6ms | ActiveRecord: 0.0ms | Allocations: 10555)


Started GET "/tracking/0131090329290400000520105" for 127.0.0.1 at 2022-11-14 20:44:20 -0500
Processing by TrackingController#index as HTML
  Parameters: {"id"=>"0131090329290400000520105"}
  Rendering layout layouts/application.html.erb
  Rendering tracking/index.html.erb within layouts/application
  Rendered tracking/index.html.erb within layouts/application (Duration: 750.7ms | Allocations: 488)
  Rendered layout layouts/application.html.erb (Duration: 761.8ms | Allocations: 3263)
Completed 200 OK in 767ms (Views: 765.4ms | ActiveRecord: 0.0ms | Allocations: 4116)


Started GET "/tracking/0131090329290400000520105" for 127.0.0.1 at 2022-11-14 20:46:50 -0500
Processing by TrackingController#index as HTML
  Parameters: {"id"=>"0131090329290400000520105"}
  Rendering layout layouts/application.html.erb
  Rendering tracking/index.html.erb within layouts/application
  Rendered tracking/index.html.erb within layouts/application (Duration: 1284.5ms | Allocations: 6862)
  Rendered layout layouts/application.html.erb (Duration: 1304.8ms | Allocations: 9649)
Completed 200 OK in 1324ms (Views: 1315.6ms | ActiveRecord: 0.0ms | Allocations: 10502)


Started GET "/tracking/0131090329290400000520105" for 127.0.0.1 at 2022-11-14 20:46:59 -0500
Processing by TrackingController#index as HTML
  Parameters: {"id"=>"0131090329290400000520105"}
  Rendering layout layouts/application.html.erb
  Rendering tracking/index.html.erb within layouts/application
  Rendered tracking/index.html.erb within layouts/application (Duration: 1607.5ms | Allocations: 489)
  Rendered layout layouts/application.html.erb (Duration: 1617.8ms | Allocations: 3269)
Completed 200 OK in 1623ms (Views: 1621.4ms | ActiveRecord: 0.0ms | Allocations: 4112)


Started GET "/tracking/0131090329290400000520105" for 127.0.0.1 at 2022-11-14 20:49:57 -0500
Processing by TrackingController#index as HTML
  Parameters: {"id"=>"0131090329290400000520105"}
  Rendering layout layouts/application.html.erb
  Rendering tracking/index.html.erb within layouts/application
  Rendered tracking/index.html.erb within layouts/application (Duration: 1041.6ms | Allocations: 6428)
  Rendered layout layouts/application.html.erb (Duration: 1063.0ms | Allocations: 8764)
Completed 200 OK in 1070ms (Views: 1065.9ms | Allocations: 9036)


Started GET "/tracking/0131090329290400000897045" for 127.0.0.1 at 2022-11-14 20:50:04 -0500
Processing by TrackingController#index as HTML
  Parameters: {"id"=>"0131090329290400000897045"}
  Rendering layout layouts/application.html.erb
  Rendering tracking/index.html.erb within layouts/application
  Rendered tracking/index.html.erb within layouts/application (Duration: 1200.8ms | Allocations: 65)
  Rendered layout layouts/application.html.erb (Duration: 1205.7ms | Allocations: 2416)
Completed 200 OK in 1207ms (Views: 1206.3ms | Allocations: 2669)


Started GET "/tracking/0131090329290400000520105" for 127.0.0.1 at 2022-11-14 20:53:33 -0500
Processing by TrackingController#index as HTML
  Parameters: {"id"=>"0131090329290400000520105"}
  Rendering layout layouts/application.html.erb
  Rendering tracking/index.html.erb within layouts/application
  Rendered tracking/index.html.erb within layouts/application (Duration: 789.9ms | Allocations: 4111)
  Rendered layout layouts/application.html.erb (Duration: 888.0ms | Allocations: 38596)
Completed 200 OK in 902ms (Views: 893.3ms | ActiveRecord: 0.0ms | Allocations: 42018)


Started GET "/tracking/0131090329290400000897045" for 127.0.0.1 at 2022-11-14 20:53:34 -0500
Processing by TrackingController#index as HTML
  Parameters: {"id"=>"0131090329290400000897045"}
  Rendering layout layouts/application.html.erb
  Rendering tracking/index.html.erb within layouts/application
  Rendered tracking/index.html.erb within layouts/application (Duration: 714.2ms | Allocations: 85)
  Rendered layout layouts/application.html.erb (Duration: 720.4ms | Allocations: 2616)
Completed 200 OK in 722ms (Views: 721.3ms | ActiveRecord: 0.0ms | Allocations: 2939)


Started GET "/tracking/0131090329290400000897045" for 127.0.0.1 at 2022-11-14 20:55:45 -0500
Processing by TrackingController#index as HTML
  Parameters: {"id"=>"0131090329290400000897045"}
  Rendering layout layouts/application.html.erb
  Rendering tracking/index.html.erb within layouts/application
  Rendered tracking/index.html.erb within layouts/application (Duration: 1251.9ms | Allocations: 6886)
  Rendered layout layouts/application.html.erb (Duration: 1270.9ms | Allocations: 9688)
Completed 200 OK in 1287ms (Views: 1285.2ms | ActiveRecord: 0.0ms | Allocations: 10543)


Started GET "/tracking/01310903292904000006054827480" for 127.0.0.1 at 2022-11-14 20:56:58 -0500
Processing by TrackingController#index as HTML
  Parameters: {"id"=>"01310903292904000006054827480"}
  Rendering layout layouts/application.html.erb
  Rendering tracking/index.html.erb within layouts/application
  Rendered tracking/index.html.erb within layouts/application (Duration: 2013.3ms | Allocations: 6503)
  Rendered layout layouts/application.html.erb (Duration: 2023.7ms | Allocations: 8856)
Completed 200 OK in 2026ms (Views: 2024.4ms | ActiveRecord: 0.0ms | Allocations: 9137)


Started GET "/tracking/01310903292904000006054827480" for 127.0.0.1 at 2022-11-14 20:57:20 -0500
Processing by TrackingController#index as HTML
  Parameters: {"id"=>"01310903292904000006054827480"}
  Rendering layout layouts/application.html.erb
  Rendering tracking/index.html.erb within layouts/application
  Rendered tracking/index.html.erb within layouts/application (Duration: 1741.1ms | Allocations: 570)
  Rendered layout layouts/application.html.erb (Duration: 1753.2ms | Allocations: 3350)
Completed 200 OK in 1757ms (Views: 1756.0ms | ActiveRecord: 0.0ms | Allocations: 4178)


Started GET "/tracking/01310903292904000006054827480" for 127.0.0.1 at 2022-11-14 20:57:33 -0500
Processing by TrackingController#index as HTML
  Parameters: {"id"=>"01310903292904000006054827480"}
  Rendering layout layouts/application.html.erb
  Rendering tracking/index.html.erb within layouts/application
  Rendered tracking/index.html.erb within layouts/application (Duration: 871.5ms | Allocations: 6935)
  Rendered layout layouts/application.html.erb (Duration: 878.3ms | Allocations: 9728)
Completed 200 OK in 885ms (Views: 882.9ms | ActiveRecord: 0.0ms | Allocations: 10581)


Started GET "/tracking/01310903292904000006054827480" for 127.0.0.1 at 2022-11-14 20:57:44 -0500
Processing by TrackingController#index as HTML
  Parameters: {"id"=>"01310903292904000006054827480"}
  Rendering layout layouts/application.html.erb
  Rendering tracking/index.html.erb within layouts/application
  Rendered tracking/index.html.erb within layouts/application (Duration: 878.8ms | Allocations: 570)
  Rendered layout layouts/application.html.erb (Duration: 886.0ms | Allocations: 3368)
Completed 200 OK in 889ms (Views: 888.2ms | ActiveRecord: 0.0ms | Allocations: 4212)


Started GET "/tracking/01310903292904000006054827480" for 127.0.0.1 at 2022-11-14 20:58:02 -0500
Processing by TrackingController#index as HTML
  Parameters: {"id"=>"01310903292904000006054827480"}
  Rendering layout layouts/application.html.erb
  Rendering tracking/index.html.erb within layouts/application
  Rendered tracking/index.html.erb within layouts/application (Duration: 2144.2ms | Allocations: 575)
  Rendered layout layouts/application.html.erb (Duration: 2156.5ms | Allocations: 3359)
Completed 200 OK in 2162ms (Views: 2160.0ms | ActiveRecord: 0.0ms | Allocations: 4202)


Started GET "/tracking/01310903292904000006054827480" for 127.0.0.1 at 2022-11-14 21:02:23 -0500
Processing by TrackingController#index as HTML
  Parameters: {"id"=>"01310903292904000006054827480"}
  Rendering layout layouts/application.html.erb
  Rendering tracking/index.html.erb within layouts/application
  Rendered tracking/index.html.erb within layouts/application (Duration: 1679.2ms | Allocations: 6961)
  Rendered layout layouts/application.html.erb (Duration: 1697.8ms | Allocations: 9750)
Completed 200 OK in 1714ms (Views: 1707.0ms | Allocations: 10587)


Started GET "/tracking/01310903292904000006054827480" for 127.0.0.1 at 2022-11-14 21:02:32 -0500
Processing by TrackingController#index as HTML
  Parameters: {"id"=>"01310903292904000006054827480"}
  Rendering layout layouts/application.html.erb
  Rendering tracking/index.html.erb within layouts/application
  Rendered tracking/index.html.erb within layouts/application (Duration: 1375.5ms | Allocations: 599)
  Rendered layout layouts/application.html.erb (Duration: 1382.4ms | Allocations: 3391)
Completed 200 OK in 1387ms (Views: 1385.3ms | Allocations: 4224)


Started GET "/tracking/01310903292904000006054827480" for 127.0.0.1 at 2022-11-14 21:02:49 -0500
Processing by TrackingController#index as HTML
  Parameters: {"id"=>"01310903292904000006054827480"}
  Rendering layout layouts/application.html.erb
  Rendering tracking/index.html.erb within layouts/application
  Rendered tracking/index.html.erb within layouts/application (Duration: 1383.2ms | Allocations: 585)
  Rendered layout layouts/application.html.erb (Duration: 1393.6ms | Allocations: 3374)
Completed 200 OK in 1399ms (Views: 1397.2ms | Allocations: 4207)


Started GET "/tracking/01310903292904000006054827480" for 127.0.0.1 at 2022-11-14 21:03:02 -0500
Processing by TrackingController#index as HTML
  Parameters: {"id"=>"01310903292904000006054827480"}
  Rendering layout layouts/application.html.erb
  Rendering tracking/index.html.erb within layouts/application
  Rendered tracking/index.html.erb within layouts/application (Duration: 4119.4ms | Allocations: 6963)
  Rendered layout layouts/application.html.erb (Duration: 4129.4ms | Allocations: 9734)
Completed 200 OK in 4133ms (Views: 4131.6ms | Allocations: 10567)


Started GET "/tracking/01310903292904000006054827480" for 127.0.0.1 at 2022-11-14 21:03:08 -0500
Processing by TrackingController#index as HTML
  Parameters: {"id"=>"01310903292904000006054827480"}
  Rendering layout layouts/application.html.erb
  Rendering tracking/index.html.erb within layouts/application
  Rendered tracking/index.html.erb within layouts/application (Duration: 1644.0ms | Allocations: 140)
  Rendered layout layouts/application.html.erb (Duration: 1648.7ms | Allocations: 2461)
Completed 200 OK in 1650ms (Views: 1649.2ms | Allocations: 2732)


Started GET "/tracking/01310903292904000006054827480" for 127.0.0.1 at 2022-11-14 21:03:22 -0500
Processing by TrackingController#index as HTML
  Parameters: {"id"=>"01310903292904000006054827480"}
  Rendering layout layouts/application.html.erb
  Rendering tracking/index.html.erb within layouts/application
  Rendered tracking/index.html.erb within layouts/application (Duration: 1109.3ms | Allocations: 590)
  Rendered layout layouts/application.html.erb (Duration: 1115.8ms | Allocations: 3394)
Completed 200 OK in 1121ms (Views: 1119.2ms | Allocations: 4209)


Started GET "/tracking/0131090329290400000897045" for 127.0.0.1 at 2022-11-14 21:04:21 -0500
Processing by TrackingController#index as HTML
  Parameters: {"id"=>"0131090329290400000897045"}
  Rendering layout layouts/application.html.erb
  Rendering tracking/index.html.erb within layouts/application
  Rendered tracking/index.html.erb within layouts/application (Duration: 745.4ms | Allocations: 6431)
  Rendered layout layouts/application.html.erb (Duration: 761.9ms | Allocations: 8773)
Completed 200 OK in 767ms (Views: 764.1ms | Allocations: 9044)


Started GET "/tracking/0131090329290400000492606" for 127.0.0.1 at 2022-11-14 21:16:01 -0500
Processing by TrackingController#index as HTML
  Parameters: {"id"=>"0131090329290400000492606"}
  Rendering layout layouts/application.html.erb
  Rendering tracking/index.html.erb within layouts/application
  Rendered tracking/index.html.erb within layouts/application (Duration: 1616.4ms | Allocations: 6490)
  Rendered layout layouts/application.html.erb (Duration: 1634.5ms | Allocations: 8817)
Completed 200 OK in 1640ms (Views: 1637.1ms | Allocations: 9070)


Started GET "/tracking/0131090329290400000492606" for 127.0.0.1 at 2022-11-15 09:49:46 -0500
Processing by TrackingController#index as HTML
  Parameters: {"id"=>"0131090329290400000492606"}
  Rendering layout layouts/application.html.erb
  Rendering tracking/index.html.erb within layouts/application
  Rendered tracking/index.html.erb within layouts/application (Duration: 819.0ms | Allocations: 8868)
  Rendered layout layouts/application.html.erb (Duration: 819.8ms | Allocations: 8965)
Completed 500 Internal Server Error in 875ms (Allocations: 9772)


  
ActionView::Template::Error (undefined method `split' for nil:NilClass

    token = firstSplit.split("\",\"expires_in\"", -1)[0]
                      ^^^^^^):
    4: <br>
    5: 
    6: <% require '/Users/hugoyuanhu/RubymineProjects/mailcorgi_rails/api/shipping/imb/tracking/curl.rb' %>
    7: <% @token = IMBtracking.getToken(ENV['usps_username'], ENV['usps_password']) %>
    8: <% @data = IMBtracking.trackByIMB(@token, params[:id]) %>
    9: 
   10: <br>
  
app/views/tracking/index.html.erb:7
Started GET "/tracking/0131090329290400000520105" for 127.0.0.1 at 2022-11-15 09:49:58 -0500
Processing by TrackingController#index as HTML
  Parameters: {"id"=>"0131090329290400000520105"}
  Rendering layout layouts/application.html.erb
  Rendering tracking/index.html.erb within layouts/application
  Rendered tracking/index.html.erb within layouts/application (Duration: 218.4ms | Allocations: 1817)
  Rendered layout layouts/application.html.erb (Duration: 219.0ms | Allocations: 1896)
Completed 500 Internal Server Error in 224ms (Allocations: 2160)


  
ActionView::Template::Error (undefined method `split' for nil:NilClass

    token = firstSplit.split("\",\"expires_in\"", -1)[0]
                      ^^^^^^):
    4: <br>
    5: 
    6: <% require '/Users/hugoyuanhu/RubymineProjects/mailcorgi_rails/api/shipping/imb/tracking/curl.rb' %>
    7: <% @token = IMBtracking.getToken(ENV['usps_username'], ENV['usps_password']) %>
    8: <% @data = IMBtracking.trackByIMB(@token, params[:id]) %>
    9: 
   10: <br>
  
app/views/tracking/index.html.erb:7
Started GET "/tracking/0131090329290400000105482" for 127.0.0.1 at 2022-11-15 09:49:59 -0500
Processing by TrackingController#index as HTML
  Parameters: {"id"=>"0131090329290400000105482"}
  Rendering layout layouts/application.html.erb
  Rendering tracking/index.html.erb within layouts/application
  Rendered tracking/index.html.erb within layouts/application (Duration: 193.3ms | Allocations: 40293)
  Rendered layout layouts/application.html.erb (Duration: 193.7ms | Allocations: 40379)
Completed 500 Internal Server Error in 195ms (Allocations: 40900)


  
ActionView::Template::Error (undefined method `split' for nil:NilClass

    token = firstSplit.split("\",\"expires_in\"", -1)[0]
                      ^^^^^^):
    4: <br>
    5: 
    6: <% require '/Users/hugoyuanhu/RubymineProjects/mailcorgi_rails/api/shipping/imb/tracking/curl.rb' %>
    7: <% @token = IMBtracking.getToken(ENV['usps_username'], ENV['usps_password']) %>
    8: <% @data = IMBtracking.trackByIMB(@token, params[:id]) %>
    9: 
   10: <br>
  
app/views/tracking/index.html.erb:7
Started GET "/tracking/0131090329290400000105482" for 127.0.0.1 at 2022-11-15 09:50:31 -0500
Processing by TrackingController#index as HTML
  Parameters: {"id"=>"0131090329290400000105482"}
  Rendering layout layouts/application.html.erb
  Rendering tracking/index.html.erb within layouts/application
  Rendered tracking/index.html.erb within layouts/application (Duration: 212.4ms | Allocations: 8016)
  Rendered layout layouts/application.html.erb (Duration: 213.7ms | Allocations: 8095)
Completed 500 Internal Server Error in 217ms (Allocations: 8324)


  
ActionView::Template::Error (undefined method `split' for nil:NilClass

    token = firstSplit.split("\",\"expires_in\"", -1)[0]
                      ^^^^^^):
    4: <br>
    5: 
    6: <% require '/Users/hugoyuanhu/RubymineProjects/mailcorgi_rails/api/shipping/imb/tracking/curl.rb' %>
    7: <% @token = IMBtracking.getToken(ENV['usps_username'], ENV['usps_password']) %>
    8: <% @data = IMBtracking.trackByIMB(@token, params[:id]) %>
    9: 
   10: <br>
  
app/views/tracking/index.html.erb:7
Started GET "/tracking/0131090329290400000105482" for 127.0.0.1 at 2022-11-15 09:50:57 -0500
Processing by TrackingController#index as HTML
  Parameters: {"id"=>"0131090329290400000105482"}
  Rendering layout layouts/application.html.erb
  Rendering tracking/index.html.erb within layouts/application
  Rendered tracking/index.html.erb within layouts/application (Duration: 1702.5ms | Allocations: 4160)
  Rendered layout layouts/application.html.erb (Duration: 1821.3ms | Allocations: 39294)
Completed 200 OK in 1836ms (Views: 1825.8ms | ActiveRecord: 0.0ms | Allocations: 42715)


Started GET "/tracking/0131090329290400000105482" for 127.0.0.1 at 2022-11-15 09:58:47 -0500
Processing by TrackingController#index as HTML
  Parameters: {"id"=>"0131090329290400000105482"}
  Rendering layout layouts/application.html.erb
  Rendering tracking/index.html.erb within layouts/application
  Rendered tracking/index.html.erb within layouts/application (Duration: 6568.1ms | Allocations: 6605)
  Rendered layout layouts/application.html.erb (Duration: 6577.5ms | Allocations: 9130)
Completed 200 OK in 6583ms (Views: 6579.8ms | Allocations: 9448)


Started GET "/tracking/0131090329290400000105482" for ::1 at 2022-11-15 10:20:57 -0500
Processing by TrackingController#index as HTML
  Parameters: {"id"=>"0131090329290400000105482"}
  Rendering layout layouts/application.html.erb
  Rendering tracking/index.html.erb within layouts/application
  Rendered tracking/index.html.erb within layouts/application (Duration: 1749.0ms | Allocations: 9778)
  Rendered layout layouts/application.html.erb (Duration: 3505.5ms | Allocations: 97967)
Completed 200 OK in 3527ms (Views: 3512.6ms | ActiveRecord: 0.0ms | Allocations: 102618)


Started GET "/tracking/0131090329290400000105482" for ::1 at 2022-11-15 10:21:18 -0500
Processing by TrackingController#index as HTML
  Parameters: {"id"=>"0131090329290400000105482"}
  Rendering layout layouts/application.html.erb
  Rendering tracking/index.html.erb within layouts/application
  Rendered tracking/index.html.erb within layouts/application (Duration: 1745.9ms | Allocations: 5284)
  Rendered layout layouts/application.html.erb (Duration: 1756.6ms | Allocations: 7790)
Completed 200 OK in 1758ms (Views: 1757.8ms | ActiveRecord: 0.0ms | Allocations: 8114)


Started GET "/tracking/0131090329290400000105482" for 127.0.0.1 at 2022-11-15 10:35:30 -0500
Processing by TrackingController#index as HTML
  Parameters: {"id"=>"0131090329290400000105482"}
  Rendering layout layouts/application.html.erb
  Rendering tracking/index.html.erb within layouts/application
  Rendered tracking/index.html.erb within layouts/application (Duration: 25.0ms | Allocations: 671)
  Rendered layout layouts/application.html.erb (Duration: 91.7ms | Allocations: 35713)
Completed 200 OK in 2109ms (Views: 99.5ms | ActiveRecord: 0.0ms | Allocations: 42593)


Started GET "/tracking/0131090329290400000105482" for 127.0.0.1 at 2022-11-15 10:36:29 -0500
Processing by TrackingController#index as HTML
  Parameters: {"id"=>"0131090329290400000105482"}
  Rendering layout layouts/application.html.erb
  Rendering tracking/index.html.erb within layouts/application
  Rendered tracking/index.html.erb within layouts/application (Duration: 0.6ms | Allocations: 48)
  Rendered layout layouts/application.html.erb (Duration: 19.6ms | Allocations: 2560)
Completed 200 OK in 1052ms (Views: 21.0ms | ActiveRecord: 0.0ms | Allocations: 7840)


Started GET "/tracking/0131090329290400000105482" for 127.0.0.1 at 2022-11-15 10:36:36 -0500
Processing by TrackingController#index as HTML
  Parameters: {"id"=>"0131090329290400000105482"}
  Rendering layout layouts/application.html.erb
  Rendering tracking/index.html.erb within layouts/application
  Rendered tracking/index.html.erb within layouts/application (Duration: 2.2ms | Allocations: 45)
  Rendered layout layouts/application.html.erb (Duration: 8.0ms | Allocations: 2378)
Completed 200 OK in 839ms (Views: 10.2ms | ActiveRecord: 0.0ms | Allocations: 2757)


Started GET "/tracking/01310903292904000006054827480" for 127.0.0.1 at 2022-11-15 10:36:37 -0500
Processing by TrackingController#index as HTML
  Parameters: {"id"=>"01310903292904000006054827480"}
  Rendering layout layouts/application.html.erb
  Rendering tracking/index.html.erb within layouts/application
  Rendered tracking/index.html.erb within layouts/application (Duration: 0.2ms | Allocations: 37)
  Rendered layout layouts/application.html.erb (Duration: 7.2ms | Allocations: 2363)
Completed 200 OK in 884ms (Views: 10.1ms | ActiveRecord: 0.0ms | Allocations: 2723)


Started GET "/tracking/01310903292904000006054827480" for 127.0.0.1 at 2022-11-15 10:36:39 -0500
Processing by TrackingController#index as HTML
  Parameters: {"id"=>"01310903292904000006054827480"}
  Rendering layout layouts/application.html.erb
  Rendering tracking/index.html.erb within layouts/application
  Rendered tracking/index.html.erb within layouts/application (Duration: 0.3ms | Allocations: 37)
  Rendered layout layouts/application.html.erb (Duration: 7.2ms | Allocations: 2363)
Completed 200 OK in 2031ms (Views: 8.7ms | ActiveRecord: 0.0ms | Allocations: 2727)


Started GET "/tracking/01310903292904000006054827480" for 127.0.0.1 at 2022-11-15 13:06:58 -0500
Processing by TrackingController#index as HTML
  Parameters: {"id"=>"01310903292904000006054827480"}
  Rendering layout layouts/application.html.erb
  Rendering tracking/index.html.erb within layouts/application
  Rendered tracking/index.html.erb within layouts/application (Duration: 1.4ms | Allocations: 37)
  Rendered layout layouts/application.html.erb (Duration: 43.7ms | Allocations: 2363)
Completed 200 OK in 1272ms (Views: 48.1ms | Allocations: 7506)


Started GET "/tracking/01310903292904000006054827480" for 127.0.0.1 at 2022-11-15 16:54:22 -0500
Processing by TrackingController#index as HTML
  Parameters: {"id"=>"01310903292904000006054827480"}
Started GET "/tracking/0131090325891900000105482" for 127.0.0.1 at 2022-11-15 16:54:28 -0500
Processing by TrackingController#index as HTML
  Parameters: {"id"=>"0131090325891900000105482"}
  Rendering layout layouts/application.html.erb
  Rendering tracking/index.html.erb within layouts/application
  Rendered tracking/index.html.erb within layouts/application (Duration: 2.5ms | Allocations: 9)
  Rendered layout layouts/application.html.erb (Duration: 51.0ms | Allocations: 2345)
Completed 200 OK in 8001ms (Views: 55.1ms | Allocations: 2688)


  Rendering layout layouts/application.html.erb
  Rendering tracking/index.html.erb within layouts/application
  Rendered tracking/index.html.erb within layouts/application (Duration: 0.8ms | Allocations: 37)
  Rendered layout layouts/application.html.erb (Duration: 12.4ms | Allocations: 2376)
Completed 200 OK in 29291ms (Views: 13.8ms | Allocations: 11680)


